Skipped URL: https://www.interior.gov.pk/ | Reason: Request error: 403 Client Error: Forbidden for url: https://www.interior.gov.pk/
Skipped Text: Ministry of Commerce | Government of Pakistan About Us About How To Do Business in Pakistan Organogr... | Reason: Copyrighted or blog/news/article content
Skipped Text: Strategic Trade Policy Framework - Ministry of Commerce | Government of Pakistan About Us About How ... | Reason: Copyrighted or blog/news/article content
Skipped Text: Trade Policy framework (STPF) 2015-18Strategic MINISTR Y OF COMMERCE GOVERNMENT OF PAKIST AN Engr. K... | Reason: Short or blocked content (blog/news/article)
Skipped Text: Ministry of Planning,Development & Special Initiatives The PC-III module is now functional as of 1st... | Reason: Copyrighted or blog/news/article content
Skipped Text: Ministry of Planning,Development & Special Initiatives Public Awareness Campaign ON Corruption: "Uni... | Reason: Copyrighted or blog/news/article content
Skipped Text: Ministry of Planning,Development & Special Initiatives Public Awareness Campaign ON Corruption: "Uni... | Reason: Copyrighted or blog/news/article content
Skipped Text: Home | Pakistan Bureau of Statistics Skip to main content 7th Population and Housing Census-2023 ‘Th... | Reason: Copyrighted or blog/news/article content
Skipped URL: http://www.pbs.gov.pk/content/field-services | Reason: Maximum recursion depth exceeded
Skipped URL: http://www.pbs.gov.pk/contacts | Reason: Maximum recursion depth exceeded
Skipped URL: http://www.pbs.gov.pk/ | Reason: Maximum recursion depth exceeded
Skipped URL: http://www.pbs.gov.pk/content/price-statistics | Reason: Maximum recursion depth exceeded
Skipped URL: http://www.pbs.gov.pk/content/foreign-training-workshop-seminar | Reason: Maximum recursion depth exceeded
Skipped URL: http://www.pbs.gov.pk/content/faqs | Reason: Maximum recursion depth exceeded
Skipped URL: http://www.pbs.gov.pk/content/clarifications-rebuttal | Reason: Maximum recursion depth exceeded
Skipped URL: http://www.pbs.gov.pk/content/price-statistics#main-content | Reason: Maximum recursion depth exceeded
Skipped URL: http://www.pbs.gov.pk/content/officially-published-consumer-prices-data-imf-template | Reason: Maximum recursion depth exceeded
Skipped URL: http://www.pbs.gov.pk/content/jobs | Reason: Maximum recursion depth exceeded
Skipped URL: http://www.pbs.gov.pk/nsdp | Reason: Maximum recursion depth exceeded
Skipped URL: http://www.pbs.gov.pk/form/data-information-request-form | Reason: Maximum recursion depth exceeded
Skipped URL: http://www.pbs.gov.pk/content/national-health-accounts | Reason: Maximum recursion depth exceeded
Skipped URL: http://www.pbs.gov.pk/content/pakistan-social-and-living-standards-measurement | Reason: Maximum recursion depth exceeded
Skipped URL: http://www.pbs.gov.pk/content/related-links | Reason: Maximum recursion depth exceeded
Skipped URL: http://www.pbs.gov.pk/content/notifications-0 | Reason: Maximum recursion depth exceeded
Skipped URL: http://www.pbs.gov.pk/content/demographic-and-research | Reason: Maximum recursion depth exceeded
Skipped URL: http://www.pbs.gov.pk/content/provinces-glance | Reason: Maximum recursion depth exceeded
Skipped URL: http://www.pbs.gov.pk/content/all-reports-and-publications | Reason: Maximum recursion depth exceeded
Skipped URL: http://www.pbs.gov.pk/trade-tables | Reason: Maximum recursion depth exceeded
Skipped URL: http://www.pbs.gov.pk/content/methodology-3 | Reason: Maximum recursion depth exceeded
Skipped URL: http://www.pbs.gov.pk/cpi | Reason: Maximum recursion depth exceeded
Skipped URL: http://www.pbs.gov.pk/content/external-trade-statistical-data-8-digit-level-year-1990-1991-2019-2020 | Reason: Maximum recursion depth exceeded
Skipped URL: http://www.pbs.gov.pk/spi | Reason: Maximum recursion depth exceeded
Skipped URL: http://www.pbs.gov.pk/content/energy-mining-statistics | Reason: Maximum recursion depth exceeded
Skipped URL: http://www.pbs.gov.pk/content/survey-covid-19 | Reason: Maximum recursion depth exceeded
Skipped URL: http://www.pbs.gov.pk/sites/default/files/population/2023/FOP_final_26-2-23_final.pdf | Reason: Maximum recursion depth exceeded
Skipped URL: http://www.pbs.gov.pk/content/agriculture-census | Reason: Maximum recursion depth exceeded
Skipped URL: http://www.pbs.gov.pk/content/tenders | Reason: Maximum recursion depth exceeded
Skipped URL: http://www.pbs.gov.pk/content/population-census | Reason: Maximum recursion depth exceeded
Skipped URL: http://www.pbs.gov.pk/content/data-dissemination | Reason: Maximum recursion depth exceeded
Skipped URL: http://www.pbs.gov.pk/cpi-base-2007-08 | Reason: Maximum recursion depth exceeded
Skipped URL: http://www.pbs.gov.pk/content/historical-indices-and-growth-rates-2015-16 | Reason: Maximum recursion depth exceeded
Skipped URL: http://www.pbs.gov.pk/content/disability-statistics | Reason: Maximum recursion depth exceeded
Skipped URL: http://www.pbs.gov.pk/content/decision-support-system-inflation | Reason: Maximum recursion depth exceeded
Skipped URL: http://www.pbs.gov.pk/content/classifications | Reason: Maximum recursion depth exceeded
Skipped URL: http://www.pbs.gov.pk/content/psdp-projects | Reason: Maximum recursion depth exceeded
Skipped URL: http://www.pbs.gov.pk/content/business-register | Reason: Maximum recursion depth exceeded
Skipped URL: http://www.pbs.gov.pk/content/child-labour-survey-graph | Reason: Maximum recursion depth exceeded
Skipped URL: http://www.pbs.gov.pk/content/national-accounts | Reason: Maximum recursion depth exceeded
Skipped URL: http://www.pbs.gov.pk/content/about-us | Reason: Maximum recursion depth exceeded
Skipped URL: http://www.pbs.gov.pk/press-releases | Reason: Maximum recursion depth exceeded
Skipped URL: http://www.pbs.gov.pk/content/population-welfare-statistics | Reason: Maximum recursion depth exceeded
Skipped URL: http://www.pbs.gov.pk/publications | Reason: Maximum recursion depth exceeded
Skipped URL: http://www.pbs.gov.pk/content/agriculture-statistics | Reason: Maximum recursion depth exceeded
Skipped URL: http://www.pbs.gov.pk/spi-base-2007-08 | Reason: Maximum recursion depth exceeded
Skipped URL: http://www.pbs.gov.pk/content/data-processing-centre | Reason: Maximum recursion depth exceeded
Skipped URL: http://www.pbs.gov.pk/content/social-statistics | Reason: Maximum recursion depth exceeded
Skipped URL: http://www.pbs.gov.pk/content/industry | Reason: Maximum recursion depth exceeded
Skipped URL: http://www.pbs.gov.pk/content/labour-force-statistics | Reason: Maximum recursion depth exceeded
Skipped URL: http://www.pbs.gov.pk/digital-census/detailed-results | Reason: Maximum recursion depth exceeded
Skipped URL: http://www.pbs.gov.pk/content/our-data-citations | Reason: Maximum recursion depth exceeded
Skipped URL: http://www.pbs.gov.pk/content/training-domesticlocal | Reason: Maximum recursion depth exceeded
Skipped URL: http://www.pbs.gov.pk/content/field-services | Reason: Maximum recursion depth exceeded
Skipped URL: http://www.pbs.gov.pk/contacts | Reason: Maximum recursion depth exceeded
Skipped URL: http://www.pbs.gov.pk/ | Reason: Maximum recursion depth exceeded
Skipped URL: http://www.pbs.gov.pk/content/price-statistics | Reason: Maximum recursion depth exceeded
Skipped URL: http://www.pbs.gov.pk/content/foreign-training-workshop-seminar | Reason: Maximum recursion depth exceeded
Skipped URL: http://www.pbs.gov.pk/content/faqs | Reason: Maximum recursion depth exceeded
Skipped URL: http://www.pbs.gov.pk/content/clarifications-rebuttal | Reason: Maximum recursion depth exceeded
Skipped URL: http://www.pbs.gov.pk/content/jobs | Reason: Maximum recursion depth exceeded
Skipped URL: http://www.pbs.gov.pk/nsdp | Reason: Maximum recursion depth exceeded
Skipped URL: http://www.pbs.gov.pk/form/data-information-request-form | Reason: Maximum recursion depth exceeded
Skipped URL: http://www.pbs.gov.pk/content/national-health-accounts | Reason: Maximum recursion depth exceeded
Skipped URL: http://www.pbs.gov.pk/content/pakistan-social-and-living-standards-measurement | Reason: Maximum recursion depth exceeded
Skipped URL: http://www.pbs.gov.pk/content/related-links | Reason: Maximum recursion depth exceeded
Skipped URL: http://www.pbs.gov.pk/sites/default/files//Concept%20Note.pdf | Reason: Maximum recursion depth exceeded
Skipped URL: http://www.pbs.gov.pk/content/notifications-0 | Reason: Maximum recursion depth exceeded
Skipped URL: http://www.pbs.gov.pk/content/demographic-and-research | Reason: Maximum recursion depth exceeded
Skipped URL: http://www.pbs.gov.pk/content/provinces-glance | Reason: Maximum recursion depth exceeded
Skipped URL: http://www.pbs.gov.pk/content/all-reports-and-publications | Reason: Maximum recursion depth exceeded
Skipped URL: http://www.pbs.gov.pk/trade-tables | Reason: Maximum recursion depth exceeded
Skipped URL: http://www.pbs.gov.pk/sites/default/files//Invitation_EN.pdf | Reason: Maximum recursion depth exceeded
Skipped URL: http://www.pbs.gov.pk/sites/default/files//ICCS%20training%20Invitation_f_NSO.pdf | Reason: Maximum recursion depth exceeded
Skipped URL: http://www.pbs.gov.pk/sites/default/files//e_learning_8jun_17july.zip | Reason: Maximum recursion depth exceeded
Skipped URL: http://www.pbs.gov.pk/sites/default/files//Distribution%20list_ICCS%20f.pdf | Reason: Maximum recursion depth exceeded
Skipped URL: http://www.pbs.gov.pk/content/external-trade-statistical-data-8-digit-level-year-1990-1991-2019-2020 | Reason: Maximum recursion depth exceeded
Skipped URL: http://www.pbs.gov.pk/content/energy-mining-statistics | Reason: Maximum recursion depth exceeded
Skipped URL: http://www.pbs.gov.pk/content/survey-covid-19 | Reason: Maximum recursion depth exceeded
Skipped URL: http://www.pbs.gov.pk/sites/default/files/population/2023/FOP_final_26-2-23_final.pdf | Reason: Maximum recursion depth exceeded
Skipped URL: http://www.pbs.gov.pk/content/agriculture-census | Reason: Maximum recursion depth exceeded
Skipped URL: http://www.pbs.gov.pk/content/tenders | Reason: Maximum recursion depth exceeded
Skipped URL: http://www.pbs.gov.pk/content/population-census | Reason: Maximum recursion depth exceeded
Skipped URL: http://www.pbs.gov.pk/sites/default/files//Invitation%20Letter%20%28Pakistan%29.pdf | Reason: Maximum recursion depth exceeded
Skipped URL: http://www.pbs.gov.pk/sites/default/files//Attachment%202%29%20Nomination%20Form.docx | Reason: Maximum recursion depth exceeded
Skipped URL: http://www.pbs.gov.pk/content/data-dissemination | Reason: Maximum recursion depth exceeded
Skipped URL: http://www.pbs.gov.pk/content/classifications | Reason: Maximum recursion depth exceeded
Skipped URL: http://www.pbs.gov.pk/content/disability-statistics | Reason: Maximum recursion depth exceeded
Skipped URL: http://www.pbs.gov.pk/content/decision-support-system-inflation | Reason: Maximum recursion depth exceeded
Skipped URL: http://www.pbs.gov.pk/content/psdp-projects | Reason: Maximum recursion depth exceeded
Skipped URL: http://www.pbs.gov.pk/content/business-register | Reason: Maximum recursion depth exceeded
Skipped URL: http://www.pbs.gov.pk/content/child-labour-survey-graph | Reason: Maximum recursion depth exceeded
Skipped URL: http://www.pbs.gov.pk/content/national-accounts | Reason: Maximum recursion depth exceeded
Skipped URL: http://www.pbs.gov.pk/content/about-us | Reason: Maximum recursion depth exceeded
Skipped URL: http://www.pbs.gov.pk/press-releases | Reason: Maximum recursion depth exceeded
Skipped URL: http://www.pbs.gov.pk/content/population-welfare-statistics | Reason: Maximum recursion depth exceeded
Skipped URL: http://www.pbs.gov.pk/publications | Reason: Maximum recursion depth exceeded
Skipped URL: http://www.pbs.gov.pk/sites/default/files//Invitation%20Letter_PAK.pdf | Reason: Maximum recursion depth exceeded
Skipped URL: http://www.pbs.gov.pk/content/agriculture-statistics | Reason: Maximum recursion depth exceeded
Skipped URL: http://www.pbs.gov.pk/sites/default/files//Attachment%201%29%20Concept%20Note%20FBS_0.pdf | Reason: Maximum recursion depth exceeded
Skipped URL: http://www.pbs.gov.pk/sites/default/files//Application%20form%20ICCS%20f%20Training.docx | Reason: Maximum recursion depth exceeded
Skipped URL: http://www.pbs.gov.pk/content/data-processing-centre | Reason: Maximum recursion depth exceeded
Skipped URL: http://www.pbs.gov.pk/content/social-statistics | Reason: Maximum recursion depth exceeded
Skipped URL: http://www.pbs.gov.pk/content/industry | Reason: Maximum recursion depth exceeded
Skipped URL: http://www.pbs.gov.pk/content/labour-force-statistics | Reason: Maximum recursion depth exceeded
Skipped URL: http://www.pbs.gov.pk/digital-census/detailed-results | Reason: Maximum recursion depth exceeded
Skipped URL: http://www.pbs.gov.pk/content/foreign-training-workshop-seminar#main-content | Reason: Maximum recursion depth exceeded
Skipped URL: http://www.pbs.gov.pk/content/our-data-citations | Reason: Maximum recursion depth exceeded
Skipped URL: http://www.pbs.gov.pk/content/training-domesticlocal | Reason: Maximum recursion depth exceeded
Skipped URL: http://www.pbs.gov.pk/content/field-services | Reason: Maximum recursion depth exceeded
Skipped URL: http://www.pbs.gov.pk/contacts | Reason: Maximum recursion depth exceeded
Skipped URL: http://www.pbs.gov.pk/ | Reason: Maximum recursion depth exceeded
Skipped URL: http://www.pbs.gov.pk/content/price-statistics | Reason: Maximum recursion depth exceeded
Skipped URL: http://www.pbs.gov.pk/content/foreign-training-workshop-seminar | Reason: Maximum recursion depth exceeded
Skipped URL: http://www.pbs.gov.pk/content/faqs | Reason: Maximum recursion depth exceeded
Skipped URL: http://www.pbs.gov.pk/content/clarifications-rebuttal | Reason: Maximum recursion depth exceeded
Skipped URL: http://www.pbs.gov.pk/content/jobs | Reason: Maximum recursion depth exceeded
Skipped URL: http://www.pbs.gov.pk/nsdp | Reason: Maximum recursion depth exceeded
Skipped URL: http://www.pbs.gov.pk/form/data-information-request-form | Reason: Maximum recursion depth exceeded
Skipped URL: http://www.pbs.gov.pk/content/national-health-accounts | Reason: Maximum recursion depth exceeded
Skipped URL: http://www.pbs.gov.pk/content/pakistan-social-and-living-standards-measurement | Reason: Maximum recursion depth exceeded
Skipped URL: http://www.pbs.gov.pk/content/related-links | Reason: Maximum recursion depth exceeded
Skipped URL: http://www.pbs.gov.pk/content/notifications-0 | Reason: Maximum recursion depth exceeded
Skipped URL: http://www.pbs.gov.pk/content/demographic-and-research | Reason: Maximum recursion depth exceeded
Skipped URL: http://www.pbs.gov.pk/content/provinces-glance | Reason: Maximum recursion depth exceeded
Skipped URL: http://www.pbs.gov.pk/content/all-reports-and-publications | Reason: Maximum recursion depth exceeded
Skipped URL: http://www.pbs.gov.pk/trade-tables | Reason: Maximum recursion depth exceeded
Skipped URL: http://www.pbs.gov.pk/content/external-trade-statistical-data-8-digit-level-year-1990-1991-2019-2020 | Reason: Maximum recursion depth exceeded
Skipped URL: http://www.pbs.gov.pk/content/energy-mining-statistics | Reason: Maximum recursion depth exceeded
Skipped URL: http://www.pbs.gov.pk/content/survey-covid-19 | Reason: Maximum recursion depth exceeded
Skipped URL: http://www.pbs.gov.pk/sites/default/files/population/2023/FOP_final_26-2-23_final.pdf | Reason: Maximum recursion depth exceeded
Skipped URL: http://www.pbs.gov.pk/content/agriculture-census | Reason: Maximum recursion depth exceeded
Skipped URL: http://www.pbs.gov.pk/content/tenders | Reason: Maximum recursion depth exceeded
Skipped URL: http://www.pbs.gov.pk/content/population-census | Reason: Maximum recursion depth exceeded
Skipped URL: http://www.pbs.gov.pk/content/data-dissemination | Reason: Maximum recursion depth exceeded
Skipped URL: http://www.pbs.gov.pk/content/classifications | Reason: Maximum recursion depth exceeded
Skipped URL: http://www.pbs.gov.pk/content/disability-statistics | Reason: Maximum recursion depth exceeded
Skipped URL: http://www.pbs.gov.pk/content/decision-support-system-inflation | Reason: Maximum recursion depth exceeded
Skipped URL: http://www.pbs.gov.pk/content/psdp-projects | Reason: Maximum recursion depth exceeded
Skipped URL: http://www.pbs.gov.pk/content/business-register | Reason: Maximum recursion depth exceeded
Skipped URL: http://www.pbs.gov.pk/content/faqs#main-content | Reason: Maximum recursion depth exceeded
Skipped URL: http://www.pbs.gov.pk/content/child-labour-survey-graph | Reason: Maximum recursion depth exceeded
Skipped URL: http://www.pbs.gov.pk/content/national-accounts | Reason: Maximum recursion depth exceeded
Skipped URL: http://www.pbs.gov.pk/content/about-us | Reason: Maximum recursion depth exceeded
Skipped URL: http://www.pbs.gov.pk/press-releases | Reason: Maximum recursion depth exceeded
Skipped URL: http://www.pbs.gov.pk/content/population-welfare-statistics | Reason: Maximum recursion depth exceeded
Skipped URL: http://www.pbs.gov.pk/publications | Reason: Maximum recursion depth exceeded
Skipped URL: http://www.pbs.gov.pk/content/agriculture-statistics | Reason: Maximum recursion depth exceeded
Skipped URL: http://www.pbs.gov.pk/content/data-processing-centre | Reason: Maximum recursion depth exceeded
Skipped URL: http://www.pbs.gov.pk/content/social-statistics | Reason: Maximum recursion depth exceeded
Skipped URL: http://www.pbs.gov.pk/content/industry | Reason: Maximum recursion depth exceeded
Skipped URL: http://www.pbs.gov.pk/content/labour-force-statistics | Reason: Maximum recursion depth exceeded
Skipped URL: http://www.pbs.gov.pk/digital-census/detailed-results | Reason: Maximum recursion depth exceeded
Skipped URL: http://www.pbs.gov.pk/content/our-data-citations | Reason: Maximum recursion depth exceeded
Skipped URL: http://www.pbs.gov.pk/content/training-domesticlocal | Reason: Maximum recursion depth exceeded
Skipped Text: Clarifications / Rebuttal | Pakistan Bureau of Statistics Skip to main content Clarification on the ... | Reason: Copyrighted or blog/news/article content
Skipped URL: http://www.pbs.gov.pk/content/clarifications-rebuttal#main-content | Reason: Maximum recursion depth exceeded
Skipped URL: http://www.pbs.gov.pk/content/field-services | Reason: Maximum recursion depth exceeded
Skipped URL: http://www.pbs.gov.pk/ | Reason: Maximum recursion depth exceeded
Skipped URL: http://www.pbs.gov.pk/contacts | Reason: Maximum recursion depth exceeded
Skipped URL: http://www.pbs.gov.pk/content/price-statistics | Reason: Maximum recursion depth exceeded
Skipped URL: http://www.pbs.gov.pk/content/foreign-training-workshop-seminar | Reason: Maximum recursion depth exceeded
Skipped URL: http://www.pbs.gov.pk/content/faqs | Reason: Maximum recursion depth exceeded
Skipped URL: http://www.pbs.gov.pk/content/clarifications-rebuttal | Reason: Maximum recursion depth exceeded
Skipped URL: http://www.pbs.gov.pk/content/jobs | Reason: Maximum recursion depth exceeded
Skipped URL: http://www.pbs.gov.pk/nsdp | Reason: Maximum recursion depth exceeded
Skipped URL: http://www.pbs.gov.pk/form/data-information-request-form | Reason: Maximum recursion depth exceeded
Skipped URL: http://www.pbs.gov.pk/content/national-health-accounts | Reason: Maximum recursion depth exceeded
Skipped URL: http://www.pbs.gov.pk/content/pakistan-social-and-living-standards-measurement | Reason: Maximum recursion depth exceeded
Skipped URL: http://www.pbs.gov.pk/content/related-links | Reason: Maximum recursion depth exceeded
Skipped URL: http://www.pbs.gov.pk/content/notifications-0 | Reason: Maximum recursion depth exceeded
Skipped URL: http://www.pbs.gov.pk/content/demographic-and-research | Reason: Maximum recursion depth exceeded
Skipped URL: http://www.pbs.gov.pk/content/provinces-glance | Reason: Maximum recursion depth exceeded
Skipped URL: http://www.pbs.gov.pk/sites/default/files/other/documents/1_clarification%20on%20article%20dated%2006-12-2019%20published%20in%20daily%20the%20Business%20Recorder.pdf | Reason: Maximum recursion depth exceeded
Skipped URL: http://www.pbs.gov.pk/content/all-reports-and-publications | Reason: Maximum recursion depth exceeded
Skipped URL: http://www.pbs.gov.pk/trade-tables | Reason: Maximum recursion depth exceeded
Skipped URL: http://www.pbs.gov.pk/sites/default/files/other/documents/2_letter%20to%20BR%20on%20article%20dated%2003-12-2019%20Final.pdf | Reason: Maximum recursion depth exceeded
Skipped URL: http://www.pbs.gov.pk/content/external-trade-statistical-data-8-digit-level-year-1990-1991-2019-2020 | Reason: Maximum recursion depth exceeded
Skipped URL: http://www.pbs.gov.pk/content/energy-mining-statistics | Reason: Maximum recursion depth exceeded
Skipped URL: http://www.pbs.gov.pk/content/survey-covid-19 | Reason: Maximum recursion depth exceeded
Skipped URL: http://www.pbs.gov.pk/sites/default/files/population/2023/FOP_final_26-2-23_final.pdf | Reason: Maximum recursion depth exceeded
Skipped URL: http://www.pbs.gov.pk/content/agriculture-census | Reason: Maximum recursion depth exceeded
Skipped URL: http://www.pbs.gov.pk/content/tenders | Reason: Maximum recursion depth exceeded
Skipped URL: http://www.pbs.gov.pk/content/population-census | Reason: Maximum recursion depth exceeded
Skipped URL: http://www.pbs.gov.pk/content/data-dissemination | Reason: Maximum recursion depth exceeded
Skipped URL: http://www.pbs.gov.pk/content/classifications | Reason: Maximum recursion depth exceeded
Skipped URL: http://www.pbs.gov.pk/content/disability-statistics | Reason: Maximum recursion depth exceeded
Skipped URL: http://www.pbs.gov.pk/content/decision-support-system-inflation | Reason: Maximum recursion depth exceeded
Skipped URL: http://www.pbs.gov.pk/content/psdp-projects | Reason: Maximum recursion depth exceeded
Skipped URL: http://www.pbs.gov.pk/content/business-register | Reason: Maximum recursion depth exceeded
Skipped URL: http://www.pbs.gov.pk/content/child-labour-survey-graph | Reason: Maximum recursion depth exceeded
Skipped URL: http://www.pbs.gov.pk/content/national-accounts | Reason: Maximum recursion depth exceeded
Skipped URL: http://www.pbs.gov.pk/content/about-us | Reason: Maximum recursion depth exceeded
Skipped URL: http://www.pbs.gov.pk/press-releases | Reason: Maximum recursion depth exceeded
Skipped URL: http://www.pbs.gov.pk/content/population-welfare-statistics | Reason: Maximum recursion depth exceeded
Skipped URL: http://www.pbs.gov.pk/publications | Reason: Maximum recursion depth exceeded
Skipped URL: http://www.pbs.gov.pk/content/agriculture-statistics | Reason: Maximum recursion depth exceeded
Skipped URL: http://www.pbs.gov.pk/content/data-processing-centre | Reason: Maximum recursion depth exceeded
Skipped URL: http://www.pbs.gov.pk/content/social-statistics | Reason: Maximum recursion depth exceeded
Skipped URL: http://www.pbs.gov.pk/content/industry | Reason: Maximum recursion depth exceeded
Skipped URL: http://www.pbs.gov.pk/content/labour-force-statistics | Reason: Maximum recursion depth exceeded
Skipped URL: http://www.pbs.gov.pk/digital-census/detailed-results | Reason: Maximum recursion depth exceeded
Skipped URL: http://www.pbs.gov.pk/content/our-data-citations | Reason: Maximum recursion depth exceeded
Skipped URL: http://www.pbs.gov.pk/content/training-domesticlocal | Reason: Maximum recursion depth exceeded
Skipped Text: Jobs | Pakistan Bureau of Statistics Skip to main content... | Reason: Short or blocked content (blog/news/article)
Skipped URL: http://www.pbs.gov.pk/content/field-services | Reason: Maximum recursion depth exceeded
Skipped URL: http://www.pbs.gov.pk/contacts | Reason: Maximum recursion depth exceeded
Skipped URL: http://www.pbs.gov.pk/ | Reason: Maximum recursion depth exceeded
Skipped URL: http://www.pbs.gov.pk/content/price-statistics | Reason: Maximum recursion depth exceeded
Skipped URL: http://www.pbs.gov.pk/content/foreign-training-workshop-seminar | Reason: Maximum recursion depth exceeded
Skipped URL: http://www.pbs.gov.pk/content/faqs | Reason: Maximum recursion depth exceeded
Skipped URL: http://www.pbs.gov.pk/content/clarifications-rebuttal | Reason: Maximum recursion depth exceeded
Skipped URL: http://www.pbs.gov.pk/content/jobs | Reason: Maximum recursion depth exceeded
Skipped URL: http://www.pbs.gov.pk/nsdp | Reason: Maximum recursion depth exceeded
Skipped URL: http://www.pbs.gov.pk/content/jobs#main-content | Reason: Maximum recursion depth exceeded
Skipped URL: http://www.pbs.gov.pk/form/data-information-request-form | Reason: Maximum recursion depth exceeded
Skipped URL: http://www.pbs.gov.pk/content/national-health-accounts | Reason: Maximum recursion depth exceeded
Skipped URL: http://www.pbs.gov.pk/content/pakistan-social-and-living-standards-measurement | Reason: Maximum recursion depth exceeded
Skipped URL: http://www.pbs.gov.pk/content/related-links | Reason: Maximum recursion depth exceeded
Skipped URL: http://www.pbs.gov.pk/content/notifications-0 | Reason: Maximum recursion depth exceeded
Skipped URL: http://www.pbs.gov.pk/content/demographic-and-research | Reason: Maximum recursion depth exceeded
Skipped URL: http://www.pbs.gov.pk/content/provinces-glance | Reason: Maximum recursion depth exceeded
Skipped URL: http://www.pbs.gov.pk/content/all-reports-and-publications | Reason: Maximum recursion depth exceeded
Skipped URL: http://www.pbs.gov.pk/trade-tables | Reason: Maximum recursion depth exceeded
Skipped URL: http://www.pbs.gov.pk/content/external-trade-statistical-data-8-digit-level-year-1990-1991-2019-2020 | Reason: Maximum recursion depth exceeded
Skipped URL: http://www.pbs.gov.pk/content/energy-mining-statistics | Reason: Maximum recursion depth exceeded
Skipped URL: http://www.pbs.gov.pk/content/survey-covid-19 | Reason: Maximum recursion depth exceeded
Skipped URL: http://www.pbs.gov.pk/sites/default/files/population/2023/FOP_final_26-2-23_final.pdf | Reason: Maximum recursion depth exceeded
Skipped URL: http://www.pbs.gov.pk/content/agriculture-census | Reason: Maximum recursion depth exceeded
Skipped URL: http://www.pbs.gov.pk/content/tenders | Reason: Maximum recursion depth exceeded
Skipped URL: http://www.pbs.gov.pk/content/population-census | Reason: Maximum recursion depth exceeded
Skipped URL: http://www.pbs.gov.pk/content/data-dissemination | Reason: Maximum recursion depth exceeded
Skipped URL: http://www.pbs.gov.pk/content/classifications | Reason: Maximum recursion depth exceeded
Skipped URL: http://www.pbs.gov.pk/content/disability-statistics | Reason: Maximum recursion depth exceeded
Skipped URL: http://www.pbs.gov.pk/content/decision-support-system-inflation | Reason: Maximum recursion depth exceeded
Skipped URL: http://www.pbs.gov.pk/content/psdp-projects | Reason: Maximum recursion depth exceeded
Skipped URL: http://www.pbs.gov.pk/content/business-register | Reason: Maximum recursion depth exceeded
Skipped URL: http://www.pbs.gov.pk/content/child-labour-survey-graph | Reason: Maximum recursion depth exceeded
Skipped URL: http://www.pbs.gov.pk/content/national-accounts | Reason: Maximum recursion depth exceeded
Skipped URL: http://www.pbs.gov.pk/content/about-us | Reason: Maximum recursion depth exceeded
Skipped URL: http://www.pbs.gov.pk/press-releases | Reason: Maximum recursion depth exceeded
Skipped URL: http://www.pbs.gov.pk/content/population-welfare-statistics | Reason: Maximum recursion depth exceeded
Skipped URL: http://www.pbs.gov.pk/publications | Reason: Maximum recursion depth exceeded
Skipped URL: http://www.pbs.gov.pk/content/agriculture-statistics | Reason: Maximum recursion depth exceeded
Skipped URL: http://www.pbs.gov.pk/content/data-processing-centre | Reason: Maximum recursion depth exceeded
Skipped URL: http://www.pbs.gov.pk/content/social-statistics | Reason: Maximum recursion depth exceeded
Skipped URL: http://www.pbs.gov.pk/content/industry | Reason: Maximum recursion depth exceeded
Skipped URL: http://www.pbs.gov.pk/content/labour-force-statistics | Reason: Maximum recursion depth exceeded
Skipped URL: http://www.pbs.gov.pk/digital-census/detailed-results | Reason: Maximum recursion depth exceeded
Skipped URL: http://www.pbs.gov.pk/content/our-data-citations | Reason: Maximum recursion depth exceeded
Skipped URL: http://www.pbs.gov.pk/content/training-domesticlocal | Reason: Maximum recursion depth exceeded
Skipped Text: NATIONAL SUMMARY DATA PAGE (NSDP) - PAKISTAN | Pakistan Bureau of Statistics Skip to main content Da... | Reason: Short or blocked content (blog/news/article)
Skipped URL: http://www.pbs.gov.pk/contacts | Reason: Maximum recursion depth exceeded
Skipped URL: http://www.pbs.gov.pk/ | Reason: Maximum recursion depth exceeded
Skipped URL: http://www.pbs.gov.pk/content/faqs | Reason: Maximum recursion depth exceeded
Skipped URL: http://www.pbs.gov.pk/content/jobs | Reason: Maximum recursion depth exceeded
Skipped URL: http://www.pbs.gov.pk/nsdp | Reason: Maximum recursion depth exceeded
Skipped URL: http://www.pbs.gov.pk/form/data-information-request-form | Reason: Maximum recursion depth exceeded
Skipped URL: http://www.pbs.gov.pk/content/related-links | Reason: Maximum recursion depth exceeded
Skipped URL: http://www.pbs.gov.pk/nsdp#main-content | Reason: Maximum recursion depth exceeded
Skipped URL: http://www.pbs.gov.pk/cpi-nb | Reason: Maximum recursion depth exceeded
Skipped URL: http://www.pbs.gov.pk/national-accounts-tables | Reason: Maximum recursion depth exceeded
Skipped URL: http://www.finance.gov.pk/fiscal_main.html | Reason: Maximum recursion depth exceeded
Skipped URL: http://www.pbs.gov.pk/sites/default/files/nsdp/ORSI.xml | Reason: Maximum recursion depth exceeded
Skipped URL: http://www.pbs.gov.pk/labour-force-publications | Reason: Maximum recursion depth exceeded
Skipped URL: http://www.pbs.gov.pk/pslm-tables | Reason: Maximum recursion depth exceeded
Skipped URL: http://www.pbs.gov.pk/cpi | Reason: Maximum recursion depth exceeded
Skipped URL: http://www.pbs.gov.pk/sites/default/files/nsdp/POP.xml | Reason: Maximum recursion depth exceeded
Skipped URL: http://www.pbs.gov.pk/sites/default/files/nsdp/IND.xml | Reason: Maximum recursion depth exceeded
Skipped URL: http://www.pbs.gov.pk/trade-detail | Reason: Maximum recursion depth exceeded
Skipped URL: http://www.pbs.gov.pk/content/tenders | Reason: Maximum recursion depth exceeded
Skipped URL: http://www.pbs.gov.pk/content/population-census | Reason: Maximum recursion depth exceeded
Skipped URL: http://www.pbs.gov.pk/sites/default/files/nsdp/QNAG.xml | Reason: Maximum recursion depth exceeded
Skipped URL: http://www.pbs.gov.pk/content/disability-statistics | Reason: Maximum recursion depth exceeded
Skipped URL: http://www.pbs.gov.pk/sites/default/files/nsdp/NAG.xml | Reason: Maximum recursion depth exceeded
Skipped URL: http://www.pbs.gov.pk/sites/default/files/nsdp/LMI.xml | Reason: Maximum recursion depth exceeded
Skipped URL: http://www.pbs.gov.pk/sites/default/files/nsdp/MET.xml | Reason: Maximum recursion depth exceeded
Skipped URL: http://www.pbs.gov.pk/content/about-us | Reason: Maximum recursion depth exceeded
Skipped URL: http://www.pbs.gov.pk/content/quarterly-national-accounts | Reason: Maximum recursion depth exceeded
Skipped URL: http://www.pbs.gov.pk/qim | Reason: Maximum recursion depth exceeded
Skipped URL: http://www.pbs.gov.pk/sites/default/files/nsdp/CPI.xml | Reason: Maximum recursion depth exceeded
Skipped URL: http://sdmx.finance.gov.pk/CGO_Pakistan.xml | Reason: Maximum recursion depth exceeded
Skipped URL: http://sdmx.finance.gov.pk/GGO_Pakistan.xml | Reason: Maximum recursion depth exceeded
Skipped URL: http://www.pbs.gov.pk/content/monthly-bulletin-statistics-may-2019 | Reason: Maximum recursion depth exceeded
Skipped URL: http://www.pbs.gov.pk/sites/default/files/nsdp/PPI.xml | Reason: Maximum recursion depth exceeded
Skipped URL: http://www.pbs.gov.pk/form/data-information-request-form#main-content | Reason: Maximum recursion depth exceeded
Skipped URL: http://www.pbs.gov.pk/content/field-services | Reason: Maximum recursion depth exceeded
Skipped URL: http://www.pbs.gov.pk/ | Reason: Maximum recursion depth exceeded
Skipped URL: http://www.pbs.gov.pk/contacts | Reason: Maximum recursion depth exceeded
Skipped URL: http://www.pbs.gov.pk/content/price-statistics | Reason: Maximum recursion depth exceeded
Skipped URL: http://www.pbs.gov.pk/content/foreign-training-workshop-seminar | Reason: Maximum recursion depth exceeded
Skipped URL: http://www.pbs.gov.pk/content/faqs | Reason: Maximum recursion depth exceeded
Skipped URL: http://www.pbs.gov.pk/content/clarifications-rebuttal | Reason: Maximum recursion depth exceeded
Skipped URL: http://www.pbs.gov.pk/content/jobs | Reason: Maximum recursion depth exceeded
Skipped URL: http://www.pbs.gov.pk/nsdp | Reason: Maximum recursion depth exceeded
Skipped URL: http://www.pbs.gov.pk/form/data-information-request-form | Reason: Maximum recursion depth exceeded
Skipped URL: http://www.pbs.gov.pk/content/national-health-accounts | Reason: Maximum recursion depth exceeded
Skipped URL: http://www.pbs.gov.pk/content/pakistan-social-and-living-standards-measurement | Reason: Maximum recursion depth exceeded
Skipped URL: http://www.pbs.gov.pk/content/related-links | Reason: Maximum recursion depth exceeded
Skipped URL: http://www.pbs.gov.pk/content/notifications-0 | Reason: Maximum recursion depth exceeded
Skipped URL: http://www.pbs.gov.pk/content/demographic-and-research | Reason: Maximum recursion depth exceeded
Skipped URL: http://www.pbs.gov.pk/content/provinces-glance | Reason: Maximum recursion depth exceeded
Skipped URL: http://www.pbs.gov.pk/content/all-reports-and-publications | Reason: Maximum recursion depth exceeded
Skipped URL: http://www.pbs.gov.pk/trade-tables | Reason: Maximum recursion depth exceeded
Skipped URL: http://www.pbs.gov.pk/content/external-trade-statistical-data-8-digit-level-year-1990-1991-2019-2020 | Reason: Maximum recursion depth exceeded
Skipped URL: http://www.pbs.gov.pk/content/energy-mining-statistics | Reason: Maximum recursion depth exceeded
Skipped URL: http://www.pbs.gov.pk/content/survey-covid-19 | Reason: Maximum recursion depth exceeded
Skipped URL: http://www.pbs.gov.pk/sites/default/files/population/2023/FOP_final_26-2-23_final.pdf | Reason: Maximum recursion depth exceeded
Skipped URL: http://www.pbs.gov.pk/content/agriculture-census | Reason: Maximum recursion depth exceeded
Skipped URL: http://www.pbs.gov.pk/content/tenders | Reason: Maximum recursion depth exceeded
Skipped URL: http://www.pbs.gov.pk/content/data-dissemination | Reason: Maximum recursion depth exceeded
Skipped URL: http://www.pbs.gov.pk/content/population-census | Reason: Maximum recursion depth exceeded
Skipped URL: http://www.pbs.gov.pk/content/classifications | Reason: Maximum recursion depth exceeded
Skipped URL: http://www.pbs.gov.pk/content/disability-statistics | Reason: Maximum recursion depth exceeded
Skipped URL: http://www.pbs.gov.pk/content/decision-support-system-inflation | Reason: Maximum recursion depth exceeded
Skipped URL: http://www.pbs.gov.pk/content/psdp-projects | Reason: Maximum recursion depth exceeded
Skipped URL: http://www.pbs.gov.pk/content/business-register | Reason: Maximum recursion depth exceeded
Skipped URL: http://www.pbs.gov.pk/content/child-labour-survey-graph | Reason: Maximum recursion depth exceeded
Skipped URL: http://www.pbs.gov.pk/content/national-accounts | Reason: Maximum recursion depth exceeded
Skipped URL: http://www.pbs.gov.pk/content/about-us | Reason: Maximum recursion depth exceeded
Skipped URL: http://www.pbs.gov.pk/press-releases | Reason: Maximum recursion depth exceeded
Skipped URL: http://www.pbs.gov.pk/content/population-welfare-statistics | Reason: Maximum recursion depth exceeded
Skipped URL: http://www.pbs.gov.pk/publications | Reason: Maximum recursion depth exceeded
Skipped URL: http://www.pbs.gov.pk/content/agriculture-statistics | Reason: Maximum recursion depth exceeded
Skipped URL: http://www.pbs.gov.pk/content/data-processing-centre | Reason: Maximum recursion depth exceeded
Skipped URL: http://www.pbs.gov.pk/content/social-statistics | Reason: Maximum recursion depth exceeded
Skipped URL: http://www.pbs.gov.pk/content/industry | Reason: Maximum recursion depth exceeded
Skipped URL: http://www.pbs.gov.pk/content/labour-force-statistics | Reason: Maximum recursion depth exceeded
Skipped URL: http://www.pbs.gov.pk/digital-census/detailed-results | Reason: Maximum recursion depth exceeded
Skipped URL: http://www.pbs.gov.pk/content/our-data-citations | Reason: Maximum recursion depth exceeded
Skipped URL: http://www.pbs.gov.pk/sites/default/files//other/CHALLAN.pdf | Reason: Maximum recursion depth exceeded
Skipped URL: http://www.pbs.gov.pk/content/training-domesticlocal | Reason: Maximum recursion depth exceeded
Skipped URL: http://www.pbs.gov.pk/content/field-services | Reason: Maximum recursion depth exceeded
Skipped URL: http://www.pbs.gov.pk/contacts | Reason: Maximum recursion depth exceeded
Skipped URL: http://www.pbs.gov.pk/ | Reason: Maximum recursion depth exceeded
Skipped URL: http://www.pbs.gov.pk/content/price-statistics | Reason: Maximum recursion depth exceeded
Skipped URL: http://www.pbs.gov.pk/content/foreign-training-workshop-seminar | Reason: Maximum recursion depth exceeded
Skipped URL: http://www.pbs.gov.pk/content/faqs | Reason: Maximum recursion depth exceeded
Skipped URL: https://www.pbs.gov.pk/publication/national-health-accounts-pakistan-2013-14 | Reason: Maximum recursion depth exceeded
Skipped URL: http://www.pbs.gov.pk/content/clarifications-rebuttal | Reason: Maximum recursion depth exceeded
Skipped URL: http://www.pbs.gov.pk/content/jobs | Reason: Maximum recursion depth exceeded
Skipped URL: http://www.pbs.gov.pk/nsdp | Reason: Maximum recursion depth exceeded
Skipped URL: http://www.pbs.gov.pk/form/data-information-request-form | Reason: Maximum recursion depth exceeded
Skipped URL: http://www.pbs.gov.pk/content/national-health-accounts | Reason: Maximum recursion depth exceeded
Skipped URL: http://www.pbs.gov.pk/content/pakistan-social-and-living-standards-measurement | Reason: Maximum recursion depth exceeded
Skipped URL: http://www.pbs.gov.pk/content/related-links | Reason: Maximum recursion depth exceeded
Skipped URL: http://www.pbs.gov.pk/content/notifications-0 | Reason: Maximum recursion depth exceeded
Skipped URL: http://www.pbs.gov.pk/content/demographic-and-research | Reason: Maximum recursion depth exceeded
Skipped URL: http://www.pbs.gov.pk/content/provinces-glance | Reason: Maximum recursion depth exceeded
Skipped URL: http://www.pbs.gov.pk/content/all-reports-and-publications | Reason: Maximum recursion depth exceeded
Skipped URL: http://www.pbs.gov.pk/trade-tables | Reason: Maximum recursion depth exceeded
Skipped URL: http://www.pbs.gov.pk/content/external-trade-statistical-data-8-digit-level-year-1990-1991-2019-2020 | Reason: Maximum recursion depth exceeded
Skipped URL: https://www.pbs.gov.pk/publication/national-health-accounts-pakistan-2021-22 | Reason: Maximum recursion depth exceeded
Skipped URL: http://www.pbs.gov.pk/content/energy-mining-statistics | Reason: Maximum recursion depth exceeded
Skipped URL: http://www.pbs.gov.pk/content/survey-covid-19 | Reason: Maximum recursion depth exceeded
Skipped URL: http://www.pbs.gov.pk/sites/default/files/population/2023/FOP_final_26-2-23_final.pdf | Reason: Maximum recursion depth exceeded
Skipped URL: https://www.pbs.gov.pk/publication/national-health-accounts-pakistan-2007-08 | Reason: Maximum recursion depth exceeded
Skipped URL: https://www.pbs.gov.pk/publication/national-health-accounts-pakistan-2005-06 | Reason: Maximum recursion depth exceeded
Skipped URL: http://www.pbs.gov.pk/content/agriculture-census | Reason: Maximum recursion depth exceeded
Skipped URL: http://www.pbs.gov.pk/content/tenders | Reason: Maximum recursion depth exceeded
Skipped URL: http://www.pbs.gov.pk/content/population-census | Reason: Maximum recursion depth exceeded
Skipped URL: http://www.pbs.gov.pk/content/data-dissemination | Reason: Maximum recursion depth exceeded
Skipped URL: https://www.pbs.gov.pk/publication/national-health-accounts-pakistan-2017-18 | Reason: Maximum recursion depth exceeded
Skipped URL: http://www.pbs.gov.pk/content/classifications | Reason: Maximum recursion depth exceeded
Skipped URL: http://www.pbs.gov.pk/content/disability-statistics | Reason: Maximum recursion depth exceeded
Skipped URL: http://www.pbs.gov.pk/content/decision-support-system-inflation | Reason: Maximum recursion depth exceeded
Skipped URL: http://www.pbs.gov.pk/content/national-health-accounts#main-content | Reason: Maximum recursion depth exceeded
Skipped URL: http://www.pbs.gov.pk/content/psdp-projects | Reason: Maximum recursion depth exceeded
Skipped URL: http://www.pbs.gov.pk/content/business-register | Reason: Maximum recursion depth exceeded
Skipped URL: http://www.pbs.gov.pk/content/child-labour-survey-graph | Reason: Maximum recursion depth exceeded
Skipped URL: http://www.pbs.gov.pk/content/national-accounts | Reason: Maximum recursion depth exceeded
Skipped URL: http://www.pbs.gov.pk/content/about-us | Reason: Maximum recursion depth exceeded
Skipped URL: https://www.pbs.gov.pk/publication/national-health-accounts-pakistan-2019-20 | Reason: Maximum recursion depth exceeded
Skipped URL: http://www.pbs.gov.pk/content/population-welfare-statistics | Reason: Maximum recursion depth exceeded
Skipped URL: http://www.pbs.gov.pk/press-releases | Reason: Maximum recursion depth exceeded
Skipped URL: https://www.pbs.gov.pk/publication/national-health-accounts-pakistan-2009-10 | Reason: Maximum recursion depth exceeded
Skipped URL: http://www.pbs.gov.pk/publications | Reason: Maximum recursion depth exceeded
Skipped URL: http://www.pbs.gov.pk/content/agriculture-statistics | Reason: Maximum recursion depth exceeded
Skipped URL: http://www.pbs.gov.pk/content/data-processing-centre | Reason: Maximum recursion depth exceeded
Skipped URL: http://www.pbs.gov.pk/content/social-statistics | Reason: Maximum recursion depth exceeded
Skipped URL: http://www.pbs.gov.pk/content/industry | Reason: Maximum recursion depth exceeded
Skipped URL: http://www.pbs.gov.pk/content/labour-force-statistics | Reason: Maximum recursion depth exceeded
Skipped URL: http://www.pbs.gov.pk/digital-census/detailed-results | Reason: Maximum recursion depth exceeded
Skipped URL: http://www.pbs.gov.pk/content/our-data-citations | Reason: Maximum recursion depth exceeded
Skipped URL: https://www.pbs.gov.pk/publication/national-health-accounts-pakistan-2015-16 | Reason: Maximum recursion depth exceeded
Skipped URL: http://www.pbs.gov.pk/content/training-domesticlocal | Reason: Maximum recursion depth exceeded
Skipped URL: https://www.pbs.gov.pk/publication/national-health-accounts-pakistan-2011-12 | Reason: Maximum recursion depth exceeded
Skipped Text: Pakistan Social And Living Standards Measurement | Pakistan Bureau of Statistics Skip to main conten... | Reason: Short or blocked content (blog/news/article)
Skipped URL: http://www.pbs.gov.pk/publication/household-integrated-economic-survey-hies-2013-14 | Reason: Maximum recursion depth exceeded
Skipped URL: http://www.pbs.gov.pk/contacts | Reason: Maximum recursion depth exceeded
Skipped URL: http://www.pbs.gov.pk/ | Reason: Maximum recursion depth exceeded
Skipped URL: http://www.pbs.gov.pk/content/foreign-training-workshop-seminar | Reason: Maximum recursion depth exceeded
Skipped URL: http://www.pbs.gov.pk/content/faqs | Reason: Maximum recursion depth exceeded
Skipped URL: http://www.pbs.gov.pk/nsdp | Reason: Maximum recursion depth exceeded
Skipped URL: http://www.pbs.gov.pk/content/demographic-and-research | Reason: Maximum recursion depth exceeded
Skipped URL: http://www.pbs.gov.pk/publication/key-findings-report-pslm-hies-2018-19-national-provincial-level-survey | Reason: Maximum recursion depth exceeded
Skipped URL: http://www.pbs.gov.pk/publication/pakistan-social-and-living-standards-measurement-survey-pslm-2007-08-national | Reason: Maximum recursion depth exceeded
Skipped URL: http://www.pbs.gov.pk/publication/household-integrated-economic-survey-hies-2011-12 | Reason: Maximum recursion depth exceeded
Skipped URL: http://www.pbs.gov.pk/content/questionnaire | Reason: Maximum recursion depth exceeded
Skipped URL: http://www.pbs.gov.pk/content/external-trade-statistical-data-8-digit-level-year-1990-1991-2019-2020 | Reason: Maximum recursion depth exceeded
Skipped URL: http://www.pbs.gov.pk/content/survey-covid-19 | Reason: Maximum recursion depth exceeded
Skipped URL: http://www.pbs.gov.pk/publication/household-integrated-economic-survey-hies-2007-08 | Reason: Maximum recursion depth exceeded
Skipped URL: http://www.pbs.gov.pk/sites/default/files/population/2023/FOP_final_26-2-23_final.pdf | Reason: Maximum recursion depth exceeded
Skipped URL: http://www.pbs.gov.pk/publication/household-integrated-economic-survey-hies-2015-16 | Reason: Maximum recursion depth exceeded
Skipped URL: http://www.pbs.gov.pk/publication/pakistan-social-and-living-standards-measurement-survey-pslm-2012-13-provincial | Reason: Maximum recursion depth exceeded
Skipped URL: http://www.pbs.gov.pk/publication/pakistan-social-and-living-standards-measurement-survey-pslm-2019-20-provincial | Reason: Maximum recursion depth exceeded
Skipped URL: http://www.pbs.gov.pk/content/classifications | Reason: Maximum recursion depth exceeded
Skipped URL: http://www.pbs.gov.pk/content/psdp-projects | Reason: Maximum recursion depth exceeded
Skipped URL: http://www.pbs.gov.pk/press-releases | Reason: Maximum recursion depth exceeded
Skipped URL: http://www.pbs.gov.pk/content/industry | Reason: Maximum recursion depth exceeded
Skipped URL: http://www.pbs.gov.pk/content/labour-force-statistics | Reason: Maximum recursion depth exceeded
Skipped URL: http://www.pbs.gov.pk/pslm-publications | Reason: Maximum recursion depth exceeded
Skipped URL: http://www.pbs.gov.pk/content/field-services | Reason: Maximum recursion depth exceeded
Skipped URL: http://www.pbs.gov.pk/content/pakistan-social-and-living-standards-measurement | Reason: Maximum recursion depth exceeded
Skipped URL: http://www.pbs.gov.pk/publication/pakistan-social-and-living-standards-mearurement-survey-pslm-2004-05 | Reason: Maximum recursion depth exceeded
Skipped URL: http://www.pbs.gov.pk/content/related-links | Reason: Maximum recursion depth exceeded
Skipped URL: http://www.pbs.gov.pk/publication/pakistan-social-and-living-standards-measurement-survey-pslm-2013-14-national | Reason: Maximum recursion depth exceeded
Skipped URL: http://www.pbs.gov.pk/publication/household-integrated-economic-survey-hies-2004-05 | Reason: Maximum recursion depth exceeded
Skipped URL: http://www.pbs.gov.pk/content/energy-mining-statistics | Reason: Maximum recursion depth exceeded
Skipped URL: http://www.pbs.gov.pk/content/agriculture-census | Reason: Maximum recursion depth exceeded
Skipped URL: http://www.pbs.gov.pk/content/population-census | Reason: Maximum recursion depth exceeded
Skipped URL: http://www.pbs.gov.pk/content/methodology-2 | Reason: Maximum recursion depth exceeded
Skipped URL: http://www.pbs.gov.pk/content/disability-statistics | Reason: Maximum recursion depth exceeded
Skipped URL: http://www.pbs.gov.pk/content/decision-support-system-inflation | Reason: Maximum recursion depth exceeded
Skipped URL: http://www.pbs.gov.pk/publication/pakistan-social-and-living-standards-measurement-survey-pslm-2004-05-provincial | Reason: Maximum recursion depth exceeded
Skipped URL: http://www.pbs.gov.pk/publication/pakistan-social-and-living-standards-measurement-survey-pslm-2008-09-provincial | Reason: Maximum recursion depth exceeded
Skipped URL: http://www.pbs.gov.pk/publications | Reason: Maximum recursion depth exceeded
Skipped URL: http://www.pbs.gov.pk/publication/household-integrated-economic-survey-hies-2018-19 | Reason: Maximum recursion depth exceeded
Skipped URL: http://www.pbs.gov.pk/digital-census/detailed-results | Reason: Maximum recursion depth exceeded
Skipped URL: http://www.pbs.gov.pk/publication/pakistan-social-and-living-standards-measurement-survey-pslm-2014-15-provincial | Reason: Maximum recursion depth exceeded
Skipped URL: http://www.pbs.gov.pk/publication/household-integrated-economic-survey-hies-2005-06 | Reason: Maximum recursion depth exceeded
Skipped URL: https://pslm-sdgs.data.gov.pk/ | Reason: Maximum recursion depth exceeded
Skipped URL: http://www.pbs.gov.pk/content/clarifications-rebuttal | Reason: Maximum recursion depth exceeded
Skipped URL: http://www.pbs.gov.pk/content/national-health-accounts | Reason: Maximum recursion depth exceeded
Skipped URL: http://www.pbs.gov.pk/form/data-information-request-form | Reason: Maximum recursion depth exceeded
Skipped URL: http://www.pbs.gov.pk/content/notifications-0 | Reason: Maximum recursion depth exceeded
Skipped URL: http://www.pbs.gov.pk/content/provinces-glance | Reason: Maximum recursion depth exceeded
Skipped URL: http://www.pbs.gov.pk/content/all-reports-and-publications | Reason: Maximum recursion depth exceeded
Skipped URL: http://www.pbs.gov.pk/trade-tables | Reason: Maximum recursion depth exceeded
Skipped URL: http://www.pbs.gov.pk/publication/pakistan-social-and-living-standards-measurement-survey-pslm-2010-11-provincial | Reason: Maximum recursion depth exceeded
Skipped URL: http://www.pbs.gov.pk/content/data-dissemination | Reason: Maximum recursion depth exceeded
Skipped URL: http://www.pbs.gov.pk/content/business-register | Reason: Maximum recursion depth exceeded
Skipped URL: http://www.pbs.gov.pk/publication/household-integrated-economic-survey-hies-2010-11 | Reason: Maximum recursion depth exceeded
Skipped URL: http://www.pbs.gov.pk/publication/pakistan-social-and-living-standards-measurement-survey-pslm-2005-06-national | Reason: Maximum recursion depth exceeded
Skipped URL: http://www.pbs.gov.pk/content/population-welfare-statistics | Reason: Maximum recursion depth exceeded
Skipped URL: http://www.pbs.gov.pk/publication/pakistan-social-living-standards-measurement-survey-pslm-2018-19-national-provincial | Reason: Maximum recursion depth exceeded
Skipped URL: http://www.pbs.gov.pk/content/training-domesticlocal | Reason: Maximum recursion depth exceeded
Skipped URL: http://www.pbs.gov.pk/content/price-statistics | Reason: Maximum recursion depth exceeded
Skipped URL: http://www.pbs.gov.pk/publication/key-finding-report-pslm-district-level-survey-2019-20 | Reason: Maximum recursion depth exceeded
Skipped URL: http://www.pbs.gov.pk/content/jobs | Reason: Maximum recursion depth exceeded
Skipped URL: http://www.pbs.gov.pk/publication/pakistan-social-and-living-standards-measurement-survey-pslm-2006-07-national | Reason: Maximum recursion depth exceeded
Skipped URL: http://www.pbs.gov.pk/publication/pakistan-social-and-living-standards-measurement-survey-pslm-2011-12-national | Reason: Maximum recursion depth exceeded
Skipped URL: http://www.pbs.gov.pk/content/pakistan-social-and-living-standards-measurement#main-content | Reason: Maximum recursion depth exceeded
Skipped URL: http://www.pbs.gov.pk/pslm-tables | Reason: Maximum recursion depth exceeded
Skipped URL: http://www.pbs.gov.pk/sites/default/files/labour_force/training_detail.pdf | Reason: Maximum recursion depth exceeded
Skipped URL: https://www.pbs.gov.pk/content/microdata | Reason: Maximum recursion depth exceeded
Skipped URL: http://www.pbs.gov.pk/content/tenders | Reason: Maximum recursion depth exceeded
Skipped URL: http://www.pbs.gov.pk/publication/pakistan-social-and-living-standards-measurement-survey-pslm-2006-07-provincial | Reason: Maximum recursion depth exceeded
Skipped URL: http://www.pbs.gov.pk/content/child-labour-survey-graph | Reason: Maximum recursion depth exceeded
Skipped URL: http://www.pbs.gov.pk/content/national-accounts | Reason: Maximum recursion depth exceeded
Skipped URL: http://www.pbs.gov.pk/content/about-us | Reason: Maximum recursion depth exceeded
Skipped URL: http://www.pbs.gov.pk/content/agriculture-statistics | Reason: Maximum recursion depth exceeded
Skipped URL: http://www.pbs.gov.pk/content/data-processing-centre | Reason: Maximum recursion depth exceeded
Skipped URL: http://www.pbs.gov.pk/content/social-statistics | Reason: Maximum recursion depth exceeded
Skipped URL: http://www.pbs.gov.pk/publication/pakistan-social-and-living-standards-measurement-survey-pslm-2008-09-national | Reason: Maximum recursion depth exceeded
Skipped URL: http://www.pbs.gov.pk/content/our-data-citations | Reason: Maximum recursion depth exceeded
Skipped Text: Related Links | Pakistan Bureau of Statistics Skip to main content Important Links Special Investmen... | Reason: Short or blocked content (blog/news/article)
Skipped URL: http://www.pbs.gov.pk/contacts | Reason: Maximum recursion depth exceeded
Skipped URL: http://www.pbs.gov.pk/ | Reason: Maximum recursion depth exceeded
Skipped URL: http://www.mocc.gov.pk/ | Reason: Maximum recursion depth exceeded
Skipped URL: http://na.gov.pk/ | Reason: Maximum recursion depth exceeded
Skipped URL: http://www.pbs.gov.pk/content/faqs | Reason: Maximum recursion depth exceeded
Skipped URL: http://www.pbs.gov.pk/content/foreign-training-workshop-seminar | Reason: Maximum recursion depth exceeded
Skipped URL: http://www.pbs.gov.pk/nsdp | Reason: Maximum recursion depth exceeded
Skipped URL: http://www.moit.gov.pk/ | Reason: Maximum recursion depth exceeded
Skipped URL: http://www.pbs.gov.pk/content/demographic-and-research | Reason: Maximum recursion depth exceeded
Skipped URL: http://www.modp.gov.pk/ | Reason: Maximum recursion depth exceeded
Skipped URL: http://www.mowr.gov.pk/ | Reason: Maximum recursion depth exceeded
Skipped URL: http://www.pbs.gov.pk/content/external-trade-statistical-data-8-digit-level-year-1990-1991-2019-2020 | Reason: Maximum recursion depth exceeded
Skipped URL: http://www.punjab.gov.pk | Reason: Maximum recursion depth exceeded
Skipped URL: http://www.pbs.gov.pk/content/survey-covid-19 | Reason: Maximum recursion depth exceeded
Skipped URL: http://www.pbs.gov.pk/sites/default/files/population/2023/FOP_final_26-2-23_final.pdf | Reason: Maximum recursion depth exceeded
Skipped URL: http://www.mofa.gov.pk/ | Reason: Maximum recursion depth exceeded
Skipped URL: https://www.sifc.gov.pk/ | Reason: Maximum recursion depth exceeded
Skipped URL: http://www.pbs.gov.pk/content/classifications | Reason: Maximum recursion depth exceeded
Skipped URL: http://www.pbs.gov.pk/content/psdp-projects | Reason: Maximum recursion depth exceeded
Skipped URL: http://www.most.gov.pk/ | Reason: Maximum recursion depth exceeded
Skipped URL: http://www.ed.gov/NCES/ | Reason: Maximum recursion depth exceeded
Skipped URL: http://narcon.gov.pk/ | Reason: Maximum recursion depth exceeded
